C:\Program Files\Microsoft Visual Studio\2022\Community\MSBuild\Microsoft\VC\v170\Microsoft.CppBuild.targets(534,5): warning MSB8028: The intermediate directory (Release\) contains files shared from another project (ConsoleAppAgain.vcxproj).  This can lead to incorrect clean and rebuild behavior.
  USBPDConsole.cpp
C:\Users\NikolaM\Documents\PM125_software\Version_1_0_1015.2\USBPDConsole\USBPDConsole.cpp(608,40): warning C4244: '=': conversion from 'UINT16' to 'UINT8', possible loss of data
C:\Users\NikolaM\Documents\PM125_software\Version_1_0_1015.2\USBPDConsole\USBPDConsole.cpp(769,36): warning C4244: '=': conversion from 'UINT16' to 'UINT8', possible loss of data
C:\Users\NikolaM\Documents\PM125_software\Version_1_0_1015.2\USBPDConsole\USBPDConsole.cpp(801,39): warning C4244: '=': conversion from 'UINT16' to 'UINT8', possible loss of data
C:\Users\NikolaM\Documents\PM125_software\Version_1_0_1015.2\USBPDConsole\USBPDConsole.cpp(833,38): warning C4244: '=': conversion from 'UINT16' to 'UINT8', possible loss of data
     Creating library C:\Users\NikolaM\Documents\PM125_software\Version_1_0_1015.2\Release\USBPDConsole.lib and object C:\Users\NikolaM\Documents\PM125_software\Version_1_0_1015.2\Release\USBPDConsole.exp
LINK : warning LNK4098: defaultlib 'LIBCMT' conflicts with use of other libs; use /NODEFAULTLIB:library
  Generating code
  Previous IPDB not found, fall back to full compilation.
  All 301 functions were compiled because no usable IPDB/IOBJ from previous compilation was found.
  Finished generating code
PDTesterAPI.lib(SERIALNO.obj) : warning LNK4099: PDB '' was not found with 'PDTesterAPI.lib(SERIALNO.obj)' or at ''; linking object as if no debug info
PDTesterAPI.lib(fteeftx.obj) : warning LNK4099: PDB '' was not found with 'PDTesterAPI.lib(fteeftx.obj)' or at ''; linking object as if no debug info
PDTesterAPI.lib(ftee4232h.obj) : warning LNK4099: PDB '' was not found with 'PDTesterAPI.lib(ftee4232h.obj)' or at ''; linking object as if no debug info
PDTesterAPI.lib(FTEE232R.obj) : warning LNK4099: PDB '' was not found with 'PDTesterAPI.lib(FTEE232R.obj)' or at ''; linking object as if no debug info
PDTesterAPI.lib(ftee232h.obj) : warning LNK4099: PDB '' was not found with 'PDTesterAPI.lib(ftee232h.obj)' or at ''; linking object as if no debug info
PDTesterAPI.lib(FTEE232.obj) : warning LNK4099: PDB '' was not found with 'PDTesterAPI.lib(FTEE232.obj)' or at ''; linking object as if no debug info
PDTesterAPI.lib(ftee2232h.obj) : warning LNK4099: PDB '' was not found with 'PDTesterAPI.lib(ftee2232h.obj)' or at ''; linking object as if no debug info
PDTesterAPI.lib(FTEE2232.obj) : warning LNK4099: PDB '' was not found with 'PDTesterAPI.lib(FTEE2232.obj)' or at ''; linking object as if no debug info
PDTesterAPI.lib(FTE2DATA.obj) : warning LNK4099: PDB '' was not found with 'PDTesterAPI.lib(FTE2DATA.obj)' or at ''; linking object as if no debug info
PDTesterAPI.lib(FTD2XX.obj) : warning LNK4099: PDB '' was not found with 'PDTesterAPI.lib(FTD2XX.obj)' or at ''; linking object as if no debug info
PDTesterAPI.lib(EEDATA.obj) : warning LNK4099: PDB '' was not found with 'PDTesterAPI.lib(EEDATA.obj)' or at ''; linking object as if no debug info
PDTesterAPI.lib(devcon.obj) : warning LNK4099: PDB '' was not found with 'PDTesterAPI.lib(devcon.obj)' or at ''; linking object as if no debug info
  USBPDConsole.vcxproj -> C:\Users\NikolaM\Documents\PM125_software\Version_1_0_1015.2\Release\USBPDConsole.exe
