c:\users\nikolam\documents\pm125_software\version_1_0_1015.2\usbpdconsole\release\vc143.pdb
c:\users\nikolam\documents\pm125_software\version_1_0_1015.2\usbpdconsole\release\usbpdconsole.obj
c:\users\nikolam\documents\pm125_software\version_1_0_1015.2\release\usbpdconsole.exe
c:\users\nikolam\documents\pm125_software\version_1_0_1015.2\release\usbpdconsole.pdb
c:\users\nikolam\documents\pm125_software\version_1_0_1015.2\usbpdconsole\release\resource.res
c:\users\nikolam\documents\pm125_software\version_1_0_1015.2\release\usbpdconsole.lib
c:\users\nikolam\documents\pm125_software\version_1_0_1015.2\release\usbpdconsole.exp
c:\users\nikolam\documents\pm125_software\version_1_0_1015.2\usbpdconsole\release\usbpdconsole.ipdb
c:\users\nikolam\documents\pm125_software\version_1_0_1015.2\usbpdconsole\release\usbpdconsole.iobj
c:\users\nikolam\documents\pm125_software\version_1_0_1015.2\usbpdconsole\release\usbpdconsole.tlog\cl.command.1.tlog
c:\users\nikolam\documents\pm125_software\version_1_0_1015.2\usbpdconsole\release\usbpdconsole.tlog\cl.items.tlog
c:\users\nikolam\documents\pm125_software\version_1_0_1015.2\usbpdconsole\release\usbpdconsole.tlog\cl.read.1.tlog
c:\users\nikolam\documents\pm125_software\version_1_0_1015.2\usbpdconsole\release\usbpdconsole.tlog\cl.write.1.tlog
c:\users\nikolam\documents\pm125_software\version_1_0_1015.2\usbpdconsole\release\usbpdconsole.tlog\link.command.1.tlog
c:\users\nikolam\documents\pm125_software\version_1_0_1015.2\usbpdconsole\release\usbpdconsole.tlog\link.read.1.tlog
c:\users\nikolam\documents\pm125_software\version_1_0_1015.2\usbpdconsole\release\usbpdconsole.tlog\link.secondary.1.tlog
c:\users\nikolam\documents\pm125_software\version_1_0_1015.2\usbpdconsole\release\usbpdconsole.tlog\link.write.1.tlog
c:\users\nikolam\documents\pm125_software\version_1_0_1015.2\usbpdconsole\release\usbpdconsole.tlog\rc.command.1.tlog
c:\users\nikolam\documents\pm125_software\version_1_0_1015.2\usbpdconsole\release\usbpdconsole.tlog\rc.read.1.tlog
c:\users\nikolam\documents\pm125_software\version_1_0_1015.2\usbpdconsole\release\usbpdconsole.tlog\rc.write.1.tlog
