[17:48:00] [INIT] ID pins configured (ACTIVE-HIGH, ID3 OFF)
[17:48:00] === ATP START — RUP1 ID: 123 ===
[17:48:00] [UI] Quick Test START
[17:48:00] [HW] relay_on()
[17:48:00] [GATE 1] REAL (RUP1)
[17:48:01] [GATE 1] RUP1 (REAL) → PASS
[17:48:01] [GATE 1] RUP2 (SIM) → PASS
[17:48:01] [GATE 1] RUP3 (SIM) → PASS
[17:48:01] [GATE 1] RUP4 (SIM) → PASS
[17:48:01] [GATE 2] REAL (RUP1)
[17:48:05] [GATE 2] RUP1 (REAL) → PASS
[17:48:05] [GATE 2] RUP2 (SIM) → PASS
[17:48:05] [GATE 2] RUP3 (SIM) → PASS
[17:48:05] [GATE 2] RUP4 (SIM) → PASS
[17:48:05] [UI] Quick Test COMPLETE
[17:48:08] [UI] Full ATP START
[17:48:10] 
========== GATE 4 ==========
[17:48:10] ℹ️  TERMINATION_OFF disabled
[17:48:10] 📥 RX | DATA=['0x81']
[17:48:10] 📥 RX | DATA=['0x83']
[17:48:10] ✅ TERMINATION_ON ACK received
[17:48:10] [GATE4] ADC ON sample 1: RAW=515 V=2.517
[17:48:10] [GATE4] ADC ON sample 2: RAW=516 V=2.522
[17:48:10] [GATE4] ADC ON sample 3: RAW=512 V=2.502
[17:48:11] [GATE4] ADC ON sample 4: RAW=514 V=2.512
[17:48:11] [GATE4] ADC ON sample 5: RAW=515 V=2.517
[17:48:11] [GATE4] ADC ON sample 6: RAW=518 V=2.532
[17:48:11] [GATE4] ADC ON sample 7: RAW=515 V=2.517
[17:48:11] [GATE4] ADC ON sample 8: RAW=517 V=2.527
[17:48:11] [GATE4] ADC ON average: 2.518 V
[17:48:11] ✅ GATE 4 PASS
[17:48:11] ==================================================
[17:48:11] [GATE5] Starting IUL (Indicator Light) test
[17:48:11] [GATE5] Expectations:
[17:48:11]         IUL_ON  → GPIO LOW  (LED ON)
[17:48:11]         IUL_OFF → GPIO HIGH (LED OFF)
[17:48:11] [GATE5] GPIO21 configured as INPUT
[17:48:11] [GATE5] → Sending IUL_ON (0xE1)
[17:48:11] [GATE5] Waiting 0.3s for LED to settle
[17:48:11] [GATE5] GPIO read 1: 0
[17:48:11] [GATE5] GPIO read 2: 0
[17:48:11] [GATE5] GPIO read 3: 0
[17:48:12] [GATE5] GPIO read 4: 0
[17:48:12] [GATE5] GPIO read 5: 0
[17:48:12] [GATE5] IUL_ON PASS (GPIO LOW)
[17:48:12] [GATE5] → Sending IUL_OFF (0xE0)
[17:48:12] [GATE5] Waiting 0.3s for LED to settle
[17:48:12] [GATE5] GPIO read 1: 1
[17:48:12] [GATE5] GPIO read 2: 1
[17:48:12] [GATE5] GPIO read 3: 1
[17:48:12] [GATE5] GPIO read 4: 1
[17:48:12] [GATE5] GPIO read 5: 1
[17:48:13] [GATE5] IUL_OFF PASS (GPIO HIGH)
[17:48:13] [GATE5] PASS — IUL functional test OK
[17:48:13] [GATE5] Cleaning up GPIO
[17:48:13] ==================================================
[17:53:51] 
[17:53:51] ########## START RUP 0 ##########
[17:53:51] 
[17:53:51] =======================================
[17:53:51]         TESTING RUP ON PORT 0       
[17:53:51] =======================================
[17:53:51] 
[17:53:51] 
[17:53:51] --- Switching to RUP PORT 0 ---
[17:53:51] ✓ COMMON → PORT 0 ACTIVE
[17:53:51] 
[17:53:51] ✓ Acroname mux channel = 0
[17:53:51] → Waiting for PD negotiation...
[17:53:51] 
[17:53:51] → PM125 status BEFORE tests:
[17:53:51] Status: {'port_status': 1, 'profile_index': 0, 'profile': 5, 'profile_subtype': 0, 'voltage_mv': 5000, 'max_current_ma': 3000, 'max_power_mw': 15000}
[17:53:51] Stats: {'status': 0, 'temperature_c': 25, 'voltage_mv': 5466, 'set_current_ma': 0, 'current_ma': 0, 'loopback_current_ma': 0}
[17:53:51] 
[17:53:51] =======================================
[17:53:51]          GATE 7 — PD LOAD TEST          
[17:53:51] =======================================
[17:53:51] 
[17:53:51] 
[17:53:51] --------------------------------------------
[17:53:51] Testing 20.0 V @ 2.990 A (expected 60 W)
[17:53:51] --------------------------------------------
[17:53:51] CONSTAT: {'port_status': 1, 'profile_index': 4, 'profile': 5, 'profile_subtype': 0, 'voltage_mv': 20000, 'max_current_ma': 2990, 'max_power_mw': 59800}
[17:53:51] Applying load: 2990 mA
[17:53:51] STAT: {'status': 0, 'temperature_c': 25, 'voltage_mv': 18810, 'set_current_ma': 2990, 'current_ma': 2991, 'loopback_current_ma': 0}
[17:53:51] ✔ PASS — 56.26 W inside [36.00, 84.00]
[17:53:51] 
[17:53:51] --------------------------------------------
[17:53:51] Testing 15.0 V @ 3.000 A (expected 45 W)
[17:53:51] --------------------------------------------
[17:53:51] CONSTAT: {'port_status': 1, 'profile_index': 3, 'profile': 5, 'profile_subtype': 0, 'voltage_mv': 15000, 'max_current_ma': 3000, 'max_power_mw': 45000}
[17:53:51] Applying load: 3000 mA
[17:53:51] STAT: {'status': 0, 'temperature_c': 25, 'voltage_mv': 13755, 'set_current_ma': 3000, 'current_ma': 3001, 'loopback_current_ma': 0}
[17:53:51] ✔ PASS — 41.28 W inside [27.00, 63.00]
[17:53:51] 
[17:53:51] --------------------------------------------
[17:53:51] Testing 12.0 V @ 3.000 A (expected 36 W)
[17:53:51] --------------------------------------------
[17:53:51] CONSTAT: {'port_status': 1, 'profile_index': 2, 'profile': 5, 'profile_subtype': 0, 'voltage_mv': 12000, 'max_current_ma': 3000, 'max_power_mw': 36000}
[17:53:51] Applying load: 3000 mA
[17:53:51] STAT: {'status': 0, 'temperature_c': 25, 'voltage_mv': 10761, 'set_current_ma': 3000, 'current_ma': 2999, 'loopback_current_ma': 0}
[17:53:51] ✔ PASS — 32.27 W inside [21.60, 50.40]
[17:53:51] 
[17:53:51] --------------------------------------------
[17:53:51] Testing 9.0 V @ 3.000 A (expected 27 W)
[17:53:51] --------------------------------------------
[17:53:51] CONSTAT: {'port_status': 1, 'profile_index': 1, 'profile': 5, 'profile_subtype': 0, 'voltage_mv': 9000, 'max_current_ma': 3000, 'max_power_mw': 27000}
[17:53:51] Applying load: 3000 mA
[17:53:51] STAT: {'status': 0, 'temperature_c': 26, 'voltage_mv': 7742, 'set_current_ma': 3000, 'current_ma': 2998, 'loopback_current_ma': 0}
[17:53:51] ✔ PASS — 23.21 W inside [16.20, 37.80]
[17:53:51] 
[17:53:51] --------------------------------------------
[17:53:51] Testing 5.0 V @ 3.000 A (expected 15 W)
[17:53:51] --------------------------------------------
[17:53:51] CONSTAT: {'port_status': 1, 'profile_index': 0, 'profile': 5, 'profile_subtype': 0, 'voltage_mv': 5000, 'max_current_ma': 3000, 'max_power_mw': 15000}
[17:53:51] Applying load: 3000 mA
[17:53:51] STAT: {'status': 0, 'temperature_c': 26, 'voltage_mv': 3601, 'set_current_ma': 3000, 'current_ma': 3001, 'loopback_current_ma': 0}
[17:53:51] ✔ PASS — 10.81 W inside [9.00, 21.00]
[17:53:51] 
[17:53:51] =======================================
[17:53:51]          GATE 7 COMPLETE                
[17:53:51] =======================================
[17:53:51] 
[17:53:51] [GATE 7] RESULT: PASS
[17:53:51] ########## END   RUP 0 ##########
[17:53:51] 
[17:53:51] 
[17:53:51] ########## START RUP 1 ##########
[17:53:51] 
[17:53:51] =======================================
[17:53:51]         TESTING RUP ON PORT 1       
[17:53:51] =======================================
[17:53:51] 
[17:53:51] 
[17:53:51] --- Switching to RUP PORT 1 ---
[17:53:51] ✓ COMMON → PORT 1 ACTIVE
[17:53:51] 
[17:53:51] ✓ Acroname mux channel = 1
[17:53:51] → Waiting for PD negotiation...
[17:53:51] 
[17:53:51] → PM125 status BEFORE tests:
[17:53:51] Status: {'port_status': 0, 'profile_index': 0, 'profile': 0, 'profile_subtype': 0, 'voltage_mv': 0, 'max_current_ma': 0, 'max_power_mw': 0}
[17:53:51] Stats: {'status': 0, 'temperature_c': 26, 'voltage_mv': 5466, 'set_current_ma': 0, 'current_ma': 0, 'loopback_current_ma': 0}
[17:53:51] 
[17:53:51] =======================================
[17:53:51]          GATE 7 — PD LOAD TEST          
[17:53:51] =======================================
[17:53:51] 
[17:53:51] 
[17:53:51] --------------------------------------------
[17:53:51] Testing 20.0 V @ 2.990 A (expected 60 W)
[17:53:51] --------------------------------------------
[17:53:51] CONSTAT: {'port_status': 1, 'profile_index': 4, 'profile': 5, 'profile_subtype': 0, 'voltage_mv': 20000, 'max_current_ma': 2990, 'max_power_mw': 59800}
[17:53:51] Applying load: 2990 mA
[17:53:51] STAT: {'status': 0, 'temperature_c': 26, 'voltage_mv': 18816, 'set_current_ma': 2990, 'current_ma': 2988, 'loopback_current_ma': 0}
[17:53:51] ✔ PASS — 56.22 W inside [36.00, 84.00]
[17:53:51] 
[17:53:51] --------------------------------------------
[17:53:51] Testing 15.0 V @ 3.000 A (expected 45 W)
[17:53:51] --------------------------------------------
[17:53:51] CONSTAT: {'port_status': 1, 'profile_index': 3, 'profile': 5, 'profile_subtype': 0, 'voltage_mv': 15000, 'max_current_ma': 3000, 'max_power_mw': 45000}
[17:53:51] Applying load: 3000 mA
[17:53:51] STAT: {'status': 0, 'temperature_c': 26, 'voltage_mv': 13748, 'set_current_ma': 3000, 'current_ma': 3001, 'loopback_current_ma': 0}
[17:53:51] ✔ PASS — 41.26 W inside [27.00, 63.00]
[17:53:51] 
[17:53:51] --------------------------------------------
[17:53:51] Testing 12.0 V @ 3.000 A (expected 36 W)
[17:53:51] --------------------------------------------
[17:53:51] CONSTAT: {'port_status': 1, 'profile_index': 2, 'profile': 5, 'profile_subtype': 0, 'voltage_mv': 12000, 'max_current_ma': 3000, 'max_power_mw': 36000}
[17:53:51] Applying load: 3000 mA
[17:53:51] STAT: {'status': 0, 'temperature_c': 26, 'voltage_mv': 10755, 'set_current_ma': 3000, 'current_ma': 3001, 'loopback_current_ma': 0}
[17:53:51] ✔ PASS — 32.28 W inside [21.60, 50.40]
[17:53:51] 
[17:53:51] --------------------------------------------
[17:53:51] Testing 9.0 V @ 3.000 A (expected 27 W)
[17:53:51] --------------------------------------------
[17:53:51] CONSTAT: {'port_status': 1, 'profile_index': 1, 'profile': 5, 'profile_subtype': 0, 'voltage_mv': 9000, 'max_current_ma': 3000, 'max_power_mw': 27000}
[17:53:51] Applying load: 3000 mA
[17:53:51] STAT: {'status': 0, 'temperature_c': 26, 'voltage_mv': 7754, 'set_current_ma': 3000, 'current_ma': 2997, 'loopback_current_ma': 0}
[17:53:51] ✔ PASS — 23.24 W inside [16.20, 37.80]
[17:53:51] 
[17:53:51] --------------------------------------------
[17:53:51] Testing 5.0 V @ 3.000 A (expected 15 W)
[17:53:51] --------------------------------------------
[17:53:51] CONSTAT: {'port_status': 1, 'profile_index': 0, 'profile': 5, 'profile_subtype': 0, 'voltage_mv': 5000, 'max_current_ma': 3000, 'max_power_mw': 15000}
[17:53:51] Applying load: 3000 mA
[17:53:51] STAT: {'status': 0, 'temperature_c': 27, 'voltage_mv': 3625, 'set_current_ma': 3000, 'current_ma': 3000, 'loopback_current_ma': 0}
[17:53:51] ✔ PASS — 10.88 W inside [9.00, 21.00]
[17:53:51] 
[17:53:51] =======================================
[17:53:51]          GATE 7 COMPLETE                
[17:53:51] =======================================
[17:53:51] 
[17:53:51] [GATE 7] RESULT: PASS
[17:53:51] ########## END   RUP 1 ##########
[17:53:51] 
[17:53:51] 
[17:53:51] ########## START RUP 2 ##########
[17:53:51] 
[17:53:51] =======================================
[17:53:51]         TESTING RUP ON PORT 2       
[17:53:51] =======================================
[17:53:51] 
[17:53:51] 
[17:53:51] --- Switching to RUP PORT 2 ---
[17:53:51] ✓ COMMON → PORT 2 ACTIVE
[17:53:51] 
[17:53:51] ✓ Acroname mux channel = 2
[17:53:51] → Waiting for PD negotiation...
[17:53:51] 
[17:53:51] → PM125 status BEFORE tests:
[17:53:51] Status: {'port_status': 0, 'profile_index': 0, 'profile': 0, 'profile_subtype': 0, 'voltage_mv': 0, 'max_current_ma': 0, 'max_power_mw': 0}
[17:53:51] Stats: {'status': 0, 'temperature_c': 26, 'voltage_mv': 5472, 'set_current_ma': 0, 'current_ma': 0, 'loopback_current_ma': 0}
[17:53:51] 
[17:53:51] =======================================
[17:53:51]          GATE 7 — PD LOAD TEST          
[17:53:51] =======================================
[17:53:51] 
[17:53:51] 
[17:53:51] --------------------------------------------
[17:53:51] Testing 20.0 V @ 2.990 A (expected 60 W)
[17:53:51] --------------------------------------------
[17:53:51] CONSTAT: {'port_status': 1, 'profile_index': 4, 'profile': 5, 'profile_subtype': 0, 'voltage_mv': 20000, 'max_current_ma': 2990, 'max_power_mw': 59800}
[17:53:51] Applying load: 2990 mA
[17:53:51] STAT: {'status': 0, 'temperature_c': 26, 'voltage_mv': 18785, 'set_current_ma': 2990, 'current_ma': 2992, 'loopback_current_ma': 0}
[17:53:51] ✔ PASS — 56.20 W inside [36.00, 84.00]
[17:53:51] 
[17:53:51] --------------------------------------------
[17:53:51] Testing 15.0 V @ 3.000 A (expected 45 W)
[17:53:51] --------------------------------------------
[17:53:51] CONSTAT: {'port_status': 1, 'profile_index': 3, 'profile': 5, 'profile_subtype': 0, 'voltage_mv': 15000, 'max_current_ma': 3000, 'max_power_mw': 45000}
[17:53:51] Applying load: 3000 mA
[17:53:51] STAT: {'status': 0, 'temperature_c': 27, 'voltage_mv': 13724, 'set_current_ma': 3000, 'current_ma': 3002, 'loopback_current_ma': 0}
[17:53:51] ✔ PASS — 41.20 W inside [27.00, 63.00]
[17:53:51] 
[17:53:51] --------------------------------------------
[17:53:51] Testing 12.0 V @ 3.000 A (expected 36 W)
[17:53:51] --------------------------------------------
[17:53:51] CONSTAT: {'port_status': 1, 'profile_index': 2, 'profile': 5, 'profile_subtype': 0, 'voltage_mv': 12000, 'max_current_ma': 3000, 'max_power_mw': 36000}
[17:53:51] Applying load: 3000 mA
[17:53:51] STAT: {'status': 0, 'temperature_c': 27, 'voltage_mv': 10742, 'set_current_ma': 3000, 'current_ma': 2996, 'loopback_current_ma': 0}
[17:53:51] ✔ PASS — 32.18 W inside [21.60, 50.40]
[17:53:51] 
[17:53:51] --------------------------------------------
[17:53:51] Testing 9.0 V @ 3.000 A (expected 27 W)
[17:53:51] --------------------------------------------
[17:53:51] CONSTAT: {'port_status': 1, 'profile_index': 1, 'profile': 5, 'profile_subtype': 0, 'voltage_mv': 9000, 'max_current_ma': 3000, 'max_power_mw': 27000}
[17:53:51] Applying load: 3000 mA
[17:53:51] STAT: {'status': 0, 'temperature_c': 27, 'voltage_mv': 7724, 'set_current_ma': 3000, 'current_ma': 2998, 'loopback_current_ma': 0}
[17:53:51] ✔ PASS — 23.16 W inside [16.20, 37.80]
[17:53:51] 
[17:53:51] --------------------------------------------
[17:53:51] Testing 5.0 V @ 3.000 A (expected 15 W)
[17:53:51] --------------------------------------------
[17:53:51] CONSTAT: {'port_status': 1, 'profile_index': 0, 'profile': 5, 'profile_subtype': 0, 'voltage_mv': 5000, 'max_current_ma': 3000, 'max_power_mw': 15000}
[17:53:51] Applying load: 3000 mA
[17:53:51] STAT: {'status': 0, 'temperature_c': 27, 'voltage_mv': 3607, 'set_current_ma': 3000, 'current_ma': 2998, 'loopback_current_ma': 0}
[17:53:51] ✔ PASS — 10.81 W inside [9.00, 21.00]
[17:53:51] 
[17:53:51] =======================================
[17:53:51]          GATE 7 COMPLETE                
[17:53:51] =======================================
[17:53:51] 
[17:53:51] [GATE 7] RESULT: PASS
[17:53:51] ########## END   RUP 2 ##########
[17:53:51] 
[17:53:51] 
[17:53:51] ########## START RUP 3 ##########
[17:53:51] 
[17:53:51] =======================================
[17:53:51]         TESTING RUP ON PORT 3       
[17:53:51] =======================================
[17:53:51] 
[17:53:51] 
[17:53:51] --- Switching to RUP PORT 3 ---
[17:53:51] ✓ COMMON → PORT 3 ACTIVE
[17:53:51] 
[17:53:51] ✓ Acroname mux channel = 3
[17:53:51] → Waiting for PD negotiation...
[17:53:51] 
[17:53:51] → PM125 status BEFORE tests:
[17:53:51] Status: {'port_status': 1, 'profile_index': 0, 'profile': 5, 'profile_subtype': 0, 'voltage_mv': 5000, 'max_current_ma': 3000, 'max_power_mw': 15000}
[17:53:51] Stats: {'status': 0, 'temperature_c': 27, 'voltage_mv': 5466, 'set_current_ma': 0, 'current_ma': 0, 'loopback_current_ma': 0}
[17:53:51] 
[17:53:51] =======================================
[17:53:51]          GATE 7 — PD LOAD TEST          
[17:53:51] =======================================
[17:53:51] 
[17:53:51] 
[17:53:51] --------------------------------------------
[17:53:51] Testing 20.0 V @ 2.990 A (expected 60 W)
[17:53:51] --------------------------------------------
[17:53:51] CONSTAT: {'port_status': 1, 'profile_index': 4, 'profile': 5, 'profile_subtype': 0, 'voltage_mv': 20000, 'max_current_ma': 2990, 'max_power_mw': 59800}
[17:53:51] Applying load: 2990 mA
[17:53:51] STAT: {'status': 0, 'temperature_c': 27, 'voltage_mv': 18767, 'set_current_ma': 2990, 'current_ma': 2992, 'loopback_current_ma': 0}
[17:53:51] ✔ PASS — 56.15 W inside [36.00, 84.00]
[17:53:51] 
[17:53:51] --------------------------------------------
[17:53:51] Testing 15.0 V @ 3.000 A (expected 45 W)
[17:53:51] --------------------------------------------
[17:53:51] CONSTAT: {'port_status': 1, 'profile_index': 3, 'profile': 5, 'profile_subtype': 0, 'voltage_mv': 15000, 'max_current_ma': 3000, 'max_power_mw': 45000}
[17:53:51] Applying load: 3000 mA
[17:53:51] STAT: {'status': 0, 'temperature_c': 27, 'voltage_mv': 13718, 'set_current_ma': 3000, 'current_ma': 3004, 'loopback_current_ma': 0}
[17:53:51] ✔ PASS — 41.21 W inside [27.00, 63.00]
[17:53:51] 
[17:53:51] --------------------------------------------
[17:53:51] Testing 12.0 V @ 3.000 A (expected 36 W)
[17:53:51] --------------------------------------------
[17:53:51] CONSTAT: {'port_status': 1, 'profile_index': 2, 'profile': 5, 'profile_subtype': 0, 'voltage_mv': 12000, 'max_current_ma': 3000, 'max_power_mw': 36000}
[17:53:51] Applying load: 3000 mA
[17:53:51] STAT: {'status': 0, 'temperature_c': 27, 'voltage_mv': 10724, 'set_current_ma': 3000, 'current_ma': 3003, 'loopback_current_ma': 0}
[17:53:51] ✔ PASS — 32.20 W inside [21.60, 50.40]
[17:53:51] 
[17:53:51] --------------------------------------------
[17:53:51] Testing 9.0 V @ 3.000 A (expected 27 W)
[17:53:51] --------------------------------------------
[17:53:51] CONSTAT: {'port_status': 1, 'profile_index': 1, 'profile': 5, 'profile_subtype': 0, 'voltage_mv': 9000, 'max_current_ma': 3000, 'max_power_mw': 27000}
[17:53:51] Applying load: 3000 mA
[17:53:51] STAT: {'status': 0, 'temperature_c': 27, 'voltage_mv': 7705, 'set_current_ma': 3000, 'current_ma': 2997, 'loopback_current_ma': 0}
[17:53:51] ✔ PASS — 23.09 W inside [16.20, 37.80]
[17:53:51] 
[17:53:51] --------------------------------------------
[17:53:51] Testing 5.0 V @ 3.000 A (expected 15 W)
[17:53:51] --------------------------------------------
[17:53:51] CONSTAT: {'port_status': 1, 'profile_index': 0, 'profile': 5, 'profile_subtype': 0, 'voltage_mv': 5000, 'max_current_ma': 3000, 'max_power_mw': 15000}
[17:53:51] Applying load: 3000 mA
[17:53:51] STAT: {'status': 0, 'temperature_c': 27, 'voltage_mv': 3589, 'set_current_ma': 3000, 'current_ma': 3001, 'loopback_current_ma': 0}
[17:53:51] ✔ PASS — 10.77 W inside [9.00, 21.00]
[17:53:51] 
[17:53:51] =======================================
[17:53:51]          GATE 7 COMPLETE                
[17:53:51] =======================================
[17:53:51] 
[17:53:51] [GATE 7] RESULT: PASS
[17:53:51] ########## END   RUP 3 ##########
[17:53:51] 
[17:53:51] 
[17:53:51] ===== ALL RUP NEGOTIATION TESTS COMPLETE =====
[17:53:51] FINAL RESULTS: {1: True, 2: True, 3: True, 4: True}
[17:53:51] 
[17:53:51] === JSON_RESULT ===
[17:53:51] {"1": true, "2": true, "3": true, "4": true}
[17:53:51] [GATE8] Starting power reporting check
[17:53:51] [GATE8] PM125 connected
[17:53:51] [GATE8] ---- Testing 60W ----
[17:53:52] [GATE8] CAN TX → SET PDO 60W (0x21)
[17:53:58] [GATE8] PM measured 52.34 W
[17:53:58] [GATE8] PM PASS
[17:53:58] [GATE8] CAN TX → POWER_REPORT_REQUEST (0xA2)
[17:53:58] [GATE8] RUP reports 6 W (raw 0xA3)
[17:53:58] [GATE8][FAIL] RUP reported power below requested
[17:53:58] [UI] Full ATP COMPLETE
[17:53:58] [HW] Shutdown: Full ATP complete
[17:53:58] [HW] END_ATP sent
[17:53:58] [HW] relay_off()
[17:53:58] [FILE] Excel written: ATP_RUP1_123_2025-12-24_17-53-58.xlsx
[17:53:58] === ATP END ===
