[17:41:51] [INIT] ID pins configured (ACTIVE-HIGH, ID3 OFF)
[17:41:51] === ATP START — RUP1 ID: 123 ===
[17:41:51] [UI] Quick Test START
[17:41:51] [HW] relay_on()
[17:41:52] [GATE 1] REAL (RUP1)
[17:41:53] [GATE 1] RUP1 (REAL) → PASS
[17:41:53] [GATE 1] RUP2 (SIM) → PASS
[17:41:53] [GATE 1] RUP3 (SIM) → PASS
[17:41:53] [GATE 1] RUP4 (SIM) → PASS
[17:41:53] [GATE 2] REAL (RUP1)
[17:41:57] [GATE 2] RUP1 (REAL) → PASS
[17:41:57] [GATE 2] RUP2 (SIM) → PASS
[17:41:57] [GATE 2] RUP3 (SIM) → PASS
[17:41:57] [GATE 2] RUP4 (SIM) → PASS
[17:41:57] [UI] Quick Test COMPLETE
[17:42:01] [UI] Full ATP START
[17:42:03] 
========== GATE 4 ==========
[17:42:03] ℹ️  TERMINATION_OFF disabled
[17:42:04] 📥 RX | DATA=['0x81']
[17:42:04] 📥 RX | DATA=['0x83']
[17:42:04] ✅ TERMINATION_ON ACK received
[17:42:04] [GATE4] ADC ON sample 1: RAW=514 V=2.512
[17:42:04] [GATE4] ADC ON sample 2: RAW=516 V=2.522
[17:42:04] [GATE4] ADC ON sample 3: RAW=514 V=2.512
[17:42:04] [GATE4] ADC ON sample 4: RAW=515 V=2.517
[17:42:04] [GATE4] ADC ON sample 5: RAW=512 V=2.502
[17:42:04] [GATE4] ADC ON sample 6: RAW=514 V=2.512
[17:42:04] [GATE4] ADC ON sample 7: RAW=512 V=2.502
[17:42:04] [GATE4] ADC ON sample 8: RAW=513 V=2.507
[17:42:04] [GATE4] ADC ON average: 2.511 V
[17:42:04] ✅ GATE 4 PASS
[17:42:04] ==================================================
[17:42:04] [GATE5] Starting IUL (Indicator Light) test
[17:42:04] [GATE5] Expectations:
[17:42:04]         IUL_ON  → GPIO LOW  (LED ON)
[17:42:04]         IUL_OFF → GPIO HIGH (LED OFF)
[17:42:04] [GATE5] GPIO21 configured as INPUT
[17:42:04] [GATE5] → Sending IUL_ON (0xE1)
[17:42:04] [GATE5] Waiting 0.3s for LED to settle
[17:42:04] [GATE5] GPIO read 1: 0
[17:42:05] [GATE5] GPIO read 2: 0
[17:42:05] [GATE5] GPIO read 3: 0
[17:42:05] [GATE5] GPIO read 4: 0
[17:42:05] [GATE5] GPIO read 5: 0
[17:42:05] [GATE5] IUL_ON PASS (GPIO LOW)
[17:42:05] [GATE5] → Sending IUL_OFF (0xE0)
[17:42:05] [GATE5] Waiting 0.3s for LED to settle
[17:42:05] [GATE5] GPIO read 1: 1
[17:42:05] [GATE5] GPIO read 2: 1
[17:42:05] [GATE5] GPIO read 3: 1
[17:42:06] [GATE5] GPIO read 4: 1
[17:42:06] [GATE5] GPIO read 5: 1
[17:42:06] [GATE5] IUL_OFF PASS (GPIO HIGH)
[17:42:06] [GATE5] PASS — IUL functional test OK
[17:42:06] [GATE5] Cleaning up GPIO
[17:42:06] ==================================================
